<?xml version="1.0" encoding="UTF-8"?>
<testsuite name="Tester" tests="1" skipped="0" failures="0" errors="0" timestamp="2020-02-10T09:00:02" hostname="recruit-Lenovo-Product" time="0.014">
  <properties/>
  <testcase name="ShouldDieWithZeroNeighbor()" classname="Tester" time="0.014"/>
  <system-out><![CDATA[]]></system-out>
  <system-err><![CDATA[]]></system-err>
</testsuite>
